* using log directory ‘/Users/hyacz/code/rMVP/inst/extdata/01_vcf/rMVP.Rcheck’
* using R version 3.5.1 (2018-07-02)
* using platform: x86_64-apple-darwin15.6.0 (64-bit)
* using session charset: UTF-8
* checking for file ‘rMVP/DESCRIPTION’ ... OK
* checking extension type ... Package
* this is package ‘rMVP’ version ‘1.2.0’
* checking package namespace information ... OK
* checking package dependencies ... NOTE
Depends: includes the non-default packages:
  ‘Rcpp’ ‘RcppProgress’ ‘BH’ ‘bigmemory’ ‘biganalytics’ ‘parallel’
  ‘MASS’
Adding so many packages to the search path is excessive and importing
selectively is preferable.
* checking if this is a source package ... OK
* checking if there is a namespace ... OK
* checking for executable files ... OK
* checking for hidden files and directories ... OK
* checking for portable file names ... OK
* checking for sufficient/correct file permissions ... OK
* checking whether package ‘rMVP’ can be installed ... OK
* checking installed package size ... NOTE
  installed size is 15.2Mb
  sub-directories of 1Mb or more:
    doc       1.5Mb
    extdata  12.2Mb
* checking package directory ... OK
* checking ‘build’ directory ... OK
* checking DESCRIPTION meta-information ... NOTE
Malformed Description field: should contain one or more complete sentences.
* checking top-level files ... OK
* checking for left-over files ... OK
* checking index information ... OK
* checking package subdirectories ... OK
* checking R files for non-ASCII characters ... OK
* checking R files for syntax errors ... OK
* checking whether the package can be loaded ... OK
* checking whether the package can be loaded with stated dependencies ... OK
* checking whether the package can be unloaded cleanly ... OK
* checking whether the namespace can be loaded with stated dependencies ... OK
* checking whether the namespace can be unloaded cleanly ... OK
* checking dependencies in R code ... OK
* checking S3 generic/method consistency ... OK
* checking replacement functions ... OK
* checking foreign function calls ... OK
* checking R code for possible problems ... NOTE
MVP.Data.Kin: warning in read.big.matrix(fileKin, head = FALSE, type =
  "double", sep = sep): partial argument match of 'head' to 'header'
MVP.Data.Numeric2MVP: warning in read.big.matrix(num_file, head =
  FALSE, sep = sep): partial argument match of 'head' to 'header'
MVP.Data.PC: warning in read.big.matrix(filePC, head = FALSE, type =
  "double", sep = sep): partial argument match of 'head' to 'header'
MVP.FarmCPU: warning in FarmCPU.BIN(Y = phe[, c(1, 2)], GD = geno, GM =
  map, CV = CV, P = myPrior, method = method.bin, b = bin.size, s =
  bin.selection, theLoop = theLoop, bound = bound, ncpus = ncpus):
  partial argument match of 'GD' to 'GDP'
MVP.FarmCPU: warning in FarmCPU.BIN(Y = phe[, c(1, 2)], GD = geno, GM =
  map, CV = theCV, P = myPrior, method = method.bin, b = bin.size, s =
  bin.selection, theLoop = theLoop, ncpus = ncpus): partial argument
  match of 'GD' to 'GDP'
MVP.FarmCPU: warning in FarmCPU.Remove(GD = geno, GM = map, seqQTN =
  seqQTN, seqQTN.p = seqQTN.p, threshold = 0.7): partial argument match
  of 'GD' to 'GDP'
print_info: warning in make_line(welcome, line = linechar, width =
  width): partial argument match of 'line' to 'linechar'
FarmCPU.BIN: no visible global function definition for ‘getMKLthreads’
FarmCPU.BIN: no visible global function definition for ‘setMKLthreads’
FarmCPU.FaSTLMM.LL: no visible global function definition for
  ‘getMKLthreads’
FarmCPU.FaSTLMM.LL: no visible global function definition for
  ‘setMKLthreads’
MVP: no visible binding for global variable ‘Revo.version’
MVP.FaSTLMM.LL: no visible global function definition for
  ‘getMKLthreads’
MVP.FaSTLMM.LL: no visible global function definition for
  ‘setMKLthreads’
MVP.GLM: no visible binding for global variable ‘Revo.version’
MVP.GLM: no visible global function definition for ‘getMKLthreads’
MVP.GLM: no visible global function definition for ‘setMKLthreads’
MVP.K.VanRaden: no visible binding for global variable ‘Revo.version’
MVP.MLM: no visible global function definition for ‘getMKLthreads’
MVP.MLM: no visible global function definition for ‘setMKLthreads’
MVP.PCA: no visible binding for global variable ‘Revo.version’
Undefined global functions or variables:
  getMKLthreads Revo.version setMKLthreads
* checking Rd files ... OK
* checking Rd metadata ... OK
* checking Rd cross-references ... OK
* checking for missing documentation entries ... OK
* checking for code/documentation mismatches ... OK
* checking Rd \usage sections ... OK
* checking Rd contents ... OK
* checking for unstated dependencies in examples ... OK
* checking contents of ‘data’ directory ... OK
* checking data for non-ASCII characters ... OK
* checking data for ASCII and uncompressed saves ... OK
* checking line endings in C/C++/Fortran sources/headers ... OK
* checking line endings in Makefiles ... OK
* checking compilation flags in Makevars ... OK
* checking for GNU extensions in Makefiles ... OK
* checking for portable use of $(BLAS_LIBS) and $(LAPACK_LIBS) ... OK
* checking compiled code ... OK
* checking installed files from ‘inst/doc’ ... OK
* checking files in ‘vignettes’ ... OK
* checking examples ... ERROR
Running examples in ‘rMVP-Ex.R’ failed
The error most likely occurred in:

> ### Name: MVP.Data.Hapmap2MVP
> ### Title: MVP.Data.Hapmap2MVP: To transform Hapmap data to MVP package
> ###   Author: Haohao Zhang Build date: Sep 12, 2018
> ### Aliases: MVP.Data.Hapmap2MVP
> 
> ### ** Examples
> 
> hapmapPath <- system.file("extdata", "mvp.hmp", package = "rMVP")
> MVP.Data.Hapmap2MVP(hapmapPath)
Reading file...
Error in hapmap_parser_map(hapmap_file, out) : 
  ERROR: Wrong HAPMAP file, no line begin with "rs#".
Calls: MVP.Data.Hapmap2MVP -> hapmap_parser_map
Execution halted
* checking for unstated dependencies in ‘tests’ ... OK
* checking tests ... OK
  Running ‘testthat.R’
* checking for unstated dependencies in vignettes ... OK
* checking package vignettes in ‘inst/doc’ ... OK
* checking running R code from vignettes ... NONE
* checking re-building of vignette outputs ... OK
* checking PDF version of manual ... OK
* DONE
Status: 1 ERROR, 4 NOTEs
