Hmm ... looks like a package

This is pdfTeX, Version 3.14159265-2.6-1.40.19 (TeX Live 2018) (preloaded format=pdflatex)
 restricted \write18 enabled.
entering extended mode

(/private/var/folders/d6/f2v86_714tg_hh4k1mlg9zcw0000gn/T/RtmpYkUMz4/Rd2pdf11bc
e1f7934fa/Rd2.tex
LaTeX2e <2018-04-01> patch level 2
Babel <3.18> and hyphenation patterns for 22 language(s) loaded.

(/usr/local/texlive/2018basic/texmf-dist/tex/latex/base/book.cls
Document Class: book 2018/09/03 v1.4i Standard LaTeX document class
(/usr/local/texlive/2018basic/texmf-dist/tex/latex/base/bk10.clo))
(/Library/Frameworks/R.framework/Resources/share/texmf/tex/latex/Rd.sty
(/usr/local/texlive/2018basic/texmf-dist/tex/latex/base/ifthen.sty)
(/usr/local/texlive/2018basic/texmf-dist/tex/latex/tools/longtable.sty)
(/usr/local/texlive/2018basic/texmf-dist/tex/latex/tools/bm.sty)
(/usr/local/texlive/2018basic/texmf-dist/tex/latex/base/alltt.sty)
(/usr/local/texlive/2018basic/texmf-dist/tex/latex/tools/verbatim.sty)
(/usr/local/texlive/2018basic/texmf-dist/tex/latex/url/url.sty)
(/usr/local/texlive/2018basic/texmf-dist/tex/latex/base/textcomp.sty
(/usr/local/texlive/2018basic/texmf-dist/tex/latex/base/ts1enc.def
(/usr/local/texlive/2018basic/texmf-dist/tex/latex/base/ts1enc.dfu)))
(/usr/local/texlive/2018basic/texmf-dist/tex/latex/base/fontenc.sty
(/usr/local/texlive/2018basic/texmf-dist/tex/latex/base/t1enc.def))
(/usr/local/texlive/2018basic/texmf-dist/tex/latex/psnfss/times.sty)
(/usr/local/texlive/2018basic/texmf-dist/tex/latex/inconsolata/zi4.sty
`inconsolata-zi4' v1.112, 2017/01/04 Text macros for Inconsolata (msharpe)
(/usr/local/texlive/2018basic/texmf-dist/tex/latex/xkeyval/xkeyval.sty
(/usr/local/texlive/2018basic/texmf-dist/tex/generic/xkeyval/xkeyval.tex
(/usr/local/texlive/2018basic/texmf-dist/tex/generic/xkeyval/xkvutils.tex
(/usr/local/texlive/2018basic/texmf-dist/tex/generic/xkeyval/keyval.tex)))))
(/usr/local/texlive/2018basic/texmf-dist/tex/latex/graphics/color.sty
(/usr/local/texlive/2018basic/texmf-dist/tex/latex/graphics-cfg/color.cfg)
(/usr/local/texlive/2018basic/texmf-dist/tex/latex/graphics-def/pdftex.def))
(/usr/local/texlive/2018basic/texmf-dist/tex/latex/hyperref/hyperref.sty
(/usr/local/texlive/2018basic/texmf-dist/tex/generic/oberdiek/hobsub-hyperref.s
ty
(/usr/local/texlive/2018basic/texmf-dist/tex/generic/oberdiek/hobsub-generic.st
y)) (/usr/local/texlive/2018basic/texmf-dist/tex/generic/ifxetex/ifxetex.sty)
(/usr/local/texlive/2018basic/texmf-dist/tex/latex/oberdiek/auxhook.sty)
(/usr/local/texlive/2018basic/texmf-dist/tex/latex/oberdiek/kvoptions.sty)
(/usr/local/texlive/2018basic/texmf-dist/tex/latex/hyperref/pd1enc.def)
(/usr/local/texlive/2018basic/texmf-dist/tex/latex/latexconfig/hyperref.cfg))
(/usr/local/texlive/2018basic/texmf-dist/tex/latex/hyperref/hpdftex.def
(/usr/local/texlive/2018basic/texmf-dist/tex/latex/oberdiek/rerunfilecheck.sty)
)

Package hyperref Warning: Option `hyperindex' has already been used,
(hyperref)                setting the option has no effect on input line 366.


Package hyperref Warning: Option `pagebackref' has already been used,
(hyperref)                setting the option has no effect on input line 366.

) (/usr/local/texlive/2018basic/texmf-dist/tex/latex/base/makeidx.sty)
(/usr/local/texlive/2018basic/texmf-dist/tex/latex/base/inputenc.sty
(/usr/local/texlive/2018basic/texmf-dist/tex/latex/base/latin1.def))
Writing index file Rd2.idx
No file Rd2.aux.
(/usr/local/texlive/2018basic/texmf-dist/tex/latex/base/ts1cmr.fd)
(/usr/local/texlive/2018basic/texmf-dist/tex/latex/psnfss/t1ptm.fd)
(/usr/local/texlive/2018basic/texmf-dist/tex/context/base/mkii/supp-pdf.mkii
[Loading MPS to PDF converter (version 2006.09.02).]
) (/usr/local/texlive/2018basic/texmf-dist/tex/latex/hyperref/nameref.sty
(/usr/local/texlive/2018basic/texmf-dist/tex/generic/oberdiek/gettitlestring.st
y)) (/usr/local/texlive/2018basic/texmf-dist/tex/latex/inconsolata/t1zi4.fd)
(/usr/local/texlive/2018basic/texmf-dist/tex/latex/psnfss/t1phv.fd)
(/usr/local/texlive/2018basic/texmf-dist/tex/latex/base/utf8.def) [1{/usr/local
/texlive/2018basic/texmf-var/fonts/map/pdftex/updmap/pdftex.map}] [2] [3]
[4]
Overfull \hbox (3.55754pt too wide) in paragraph at lines 242--246
[]\T1/ptm/m/n/10 Whether to au-to-mat-i-cally trans-pose nu-meric geno-types, t
he de-fault is True, which

Overfull \hbox (5.10704pt too wide) in paragraph at lines 276--284
[]\T1/ptm/m/n/10 NULL Out-put files: geno-type.desc, geno-type.bin: geno-type f
ile in big-mem-ory for-mat phe-no-type.phe:
[5] [6] [7] [8] [9] [10] [11] [12] [13]
Overfull \hbox (21.74698pt too wide) in paragraph at lines 857--858
[]\T1/ptm/m/n/10 method for se-lect-ing the most ap-pro-pri-ate bins, two op-ti
ons: 'EMMA' or 'FaSTLMM' 
[14]
Overfull \hbox (1.97777pt too wide) in paragraph at lines 881--882
[]\T1/ptm/m/n/10 in sec-ond and later it-er-a-tions, only SNPs with lower p-val
ues than QTN.threshold
[15] [16] [17] [18] [19] [20]
Overfull \hbox (30.75941pt too wide) in paragraph at lines 1294--1294
 []\T1/zi4/m/n/9 MVP.PCAplot(PCA=pca, Ncluster=3, class=NULL, col=c("red", "gre
en", "yellow"), file="jpg", pch=19)[] 
[21] [22] [23] [24] [25]
No file Rd2.ind.
[26] (./Rd2.aux)

Package rerunfilecheck Warning: File `Rd2.out' has changed.
(rerunfilecheck)                Rerun to get outlines right
(rerunfilecheck)                or use package `bookmark'.

 )
(see the transcript file for additional information)pdfTeX warning (dest): name
{Rfn.par} has been referenced but does not exist, replaced by a fixed one

pdfTeX warning (dest): name{Rfn.points} has been referenced but does not exist,
 replaced by a fixed one

pdfTeX warning (dest): name{Rfn.dev.new\(\)} has been referenced but does not e
xist, replaced by a fixed one

{/usr/local/texlive/2018basic/texmf-dist/fonts/enc/dvips/base/8r.enc}{/usr/loca
l/texlive/2018basic/texmf-dist/fonts/enc/dvips/inconsolata/i4-t1-0.enc}</usr/lo
cal/texlive/2018basic/texmf-dist/fonts/type1/public/inconsolata/Inconsolata-zi4
r.pfb></usr/local/texlive/2018basic/texmf-dist/fonts/type1/urw/helvetic/uhvr8a.
pfb></usr/local/texlive/2018basic/texmf-dist/fonts/type1/urw/times/utmb8a.pfb><
/usr/local/texlive/2018basic/texmf-dist/fonts/type1/urw/times/utmr8a.pfb></usr/
local/texlive/2018basic/texmf-dist/fonts/type1/urw/times/utmr8a.pfb></usr/local
/texlive/2018basic/texmf-dist/fonts/type1/urw/times/utmri8a.pfb>
Output written on Rd2.pdf (26 pages, 135516 bytes).
Transcript written on Rd2.log.
This is makeindex, version 2.15 [TeX Live 2018] (kpathsea + Thai support).
Scanning input file ./Rd2.idx....done (33 entries accepted, 0 rejected).
Sorting entries....done (190 comparisons).
Generating output file ./Rd2.ind....done (47 lines written, 0 warnings).
Output written in ./Rd2.ind.
Transcript written in ./Rd2.ilg.
This is pdfTeX, Version 3.14159265-2.6-1.40.19 (TeX Live 2018) (preloaded format=pdflatex)
 restricted \write18 enabled.
entering extended mode

(/private/var/folders/d6/f2v86_714tg_hh4k1mlg9zcw0000gn/T/RtmpYkUMz4/Rd2pdf11bc
e1f7934fa/Rd2.tex
LaTeX2e <2018-04-01> patch level 2
Babel <3.18> and hyphenation patterns for 22 language(s) loaded.

(/usr/local/texlive/2018basic/texmf-dist/tex/latex/base/book.cls
Document Class: book 2018/09/03 v1.4i Standard LaTeX document class
(/usr/local/texlive/2018basic/texmf-dist/tex/latex/base/bk10.clo))
(/Library/Frameworks/R.framework/Resources/share/texmf/tex/latex/Rd.sty
(/usr/local/texlive/2018basic/texmf-dist/tex/latex/base/ifthen.sty)
(/usr/local/texlive/2018basic/texmf-dist/tex/latex/tools/longtable.sty)
(/usr/local/texlive/2018basic/texmf-dist/tex/latex/tools/bm.sty)
(/usr/local/texlive/2018basic/texmf-dist/tex/latex/base/alltt.sty)
(/usr/local/texlive/2018basic/texmf-dist/tex/latex/tools/verbatim.sty)
(/usr/local/texlive/2018basic/texmf-dist/tex/latex/url/url.sty)
(/usr/local/texlive/2018basic/texmf-dist/tex/latex/base/textcomp.sty
(/usr/local/texlive/2018basic/texmf-dist/tex/latex/base/ts1enc.def
(/usr/local/texlive/2018basic/texmf-dist/tex/latex/base/ts1enc.dfu)))
(/usr/local/texlive/2018basic/texmf-dist/tex/latex/base/fontenc.sty
(/usr/local/texlive/2018basic/texmf-dist/tex/latex/base/t1enc.def))
(/usr/local/texlive/2018basic/texmf-dist/tex/latex/psnfss/times.sty)
(/usr/local/texlive/2018basic/texmf-dist/tex/latex/inconsolata/zi4.sty
`inconsolata-zi4' v1.112, 2017/01/04 Text macros for Inconsolata (msharpe)
(/usr/local/texlive/2018basic/texmf-dist/tex/latex/xkeyval/xkeyval.sty
(/usr/local/texlive/2018basic/texmf-dist/tex/generic/xkeyval/xkeyval.tex
(/usr/local/texlive/2018basic/texmf-dist/tex/generic/xkeyval/xkvutils.tex
(/usr/local/texlive/2018basic/texmf-dist/tex/generic/xkeyval/keyval.tex)))))
(/usr/local/texlive/2018basic/texmf-dist/tex/latex/graphics/color.sty
(/usr/local/texlive/2018basic/texmf-dist/tex/latex/graphics-cfg/color.cfg)
(/usr/local/texlive/2018basic/texmf-dist/tex/latex/graphics-def/pdftex.def))
(/usr/local/texlive/2018basic/texmf-dist/tex/latex/hyperref/hyperref.sty
(/usr/local/texlive/2018basic/texmf-dist/tex/generic/oberdiek/hobsub-hyperref.s
ty
(/usr/local/texlive/2018basic/texmf-dist/tex/generic/oberdiek/hobsub-generic.st
y)) (/usr/local/texlive/2018basic/texmf-dist/tex/generic/ifxetex/ifxetex.sty)
(/usr/local/texlive/2018basic/texmf-dist/tex/latex/oberdiek/auxhook.sty)
(/usr/local/texlive/2018basic/texmf-dist/tex/latex/oberdiek/kvoptions.sty)
(/usr/local/texlive/2018basic/texmf-dist/tex/latex/hyperref/pd1enc.def)
(/usr/local/texlive/2018basic/texmf-dist/tex/latex/latexconfig/hyperref.cfg))
(/usr/local/texlive/2018basic/texmf-dist/tex/latex/hyperref/hpdftex.def
(/usr/local/texlive/2018basic/texmf-dist/tex/latex/oberdiek/rerunfilecheck.sty)
)

Package hyperref Warning: Option `hyperindex' has already been used,
(hyperref)                setting the option has no effect on input line 366.


Package hyperref Warning: Option `pagebackref' has already been used,
(hyperref)                setting the option has no effect on input line 366.

) (/usr/local/texlive/2018basic/texmf-dist/tex/latex/base/makeidx.sty)
(/usr/local/texlive/2018basic/texmf-dist/tex/latex/base/inputenc.sty
(/usr/local/texlive/2018basic/texmf-dist/tex/latex/base/latin1.def))
Writing index file Rd2.idx
(./Rd2.aux) (/usr/local/texlive/2018basic/texmf-dist/tex/latex/base/ts1cmr.fd)
(/usr/local/texlive/2018basic/texmf-dist/tex/latex/psnfss/t1ptm.fd)
(/usr/local/texlive/2018basic/texmf-dist/tex/context/base/mkii/supp-pdf.mkii
[Loading MPS to PDF converter (version 2006.09.02).]
) (/usr/local/texlive/2018basic/texmf-dist/tex/latex/hyperref/nameref.sty
(/usr/local/texlive/2018basic/texmf-dist/tex/generic/oberdiek/gettitlestring.st
y)) (./Rd2.out) (./Rd2.out)
(/usr/local/texlive/2018basic/texmf-dist/tex/latex/inconsolata/t1zi4.fd)
(/usr/local/texlive/2018basic/texmf-dist/tex/latex/psnfss/t1phv.fd) (./Rd2.toc
[1{/usr/local/texlive/2018basic/texmf-var/fonts/map/pdftex/updmap/pdftex.map}])
(/usr/local/texlive/2018basic/texmf-dist/tex/latex/base/utf8.def) [2] [3]
[4]
Overfull \hbox (3.55754pt too wide) in paragraph at lines 242--246
[]\T1/ptm/m/n/10 Whether to au-to-mat-i-cally trans-pose nu-meric geno-types, t
he de-fault is True, which

Overfull \hbox (5.10704pt too wide) in paragraph at lines 276--284
[]\T1/ptm/m/n/10 NULL Out-put files: geno-type.desc, geno-type.bin: geno-type f
ile in big-mem-ory for-mat phe-no-type.phe:
[5] [6] [7] [8] [9] [10] [11] [12] [13] [14]
Overfull \hbox (21.74698pt too wide) in paragraph at lines 857--858
[]\T1/ptm/m/n/10 method for se-lect-ing the most ap-pro-pri-ate bins, two op-ti
ons: 'EMMA' or 'FaSTLMM' 

Overfull \hbox (1.97777pt too wide) in paragraph at lines 881--882
[]\T1/ptm/m/n/10 in sec-ond and later it-er-a-tions, only SNPs with lower p-val
ues than QTN.threshold
[15] [16] [17] [18] [19] [20] [21]
Overfull \hbox (30.75941pt too wide) in paragraph at lines 1294--1294
 []\T1/zi4/m/n/9 MVP.PCAplot(PCA=pca, Ncluster=3, class=NULL, col=c("red", "gre
en", "yellow"), file="jpg", pch=19)[] 
[22] [23] [24] [25] [26] (./Rd2.ind [27] [28]) (./Rd2.aux)

Package rerunfilecheck Warning: File `Rd2.out' has changed.
(rerunfilecheck)                Rerun to get outlines right
(rerunfilecheck)                or use package `bookmark'.

 )
(see the transcript file for additional information)pdfTeX warning (dest): name
{Rfn.par} has been referenced but does not exist, replaced by a fixed one

pdfTeX warning (dest): name{Rfn.points} has been referenced but does not exist,
 replaced by a fixed one

pdfTeX warning (dest): name{Rfn.dev.new\(\)} has been referenced but does not e
xist, replaced by a fixed one

{/usr/local/texlive/2018basic/texmf-dist/fonts/enc/dvips/base/8r.enc}{/usr/loca
l/texlive/2018basic/texmf-dist/fonts/enc/dvips/inconsolata/i4-t1-0.enc}</usr/lo
cal/texlive/2018basic/texmf-dist/fonts/type1/public/inconsolata/Inconsolata-zi4
r.pfb></usr/local/texlive/2018basic/texmf-dist/fonts/type1/public/amsfonts/cm/c
msy10.pfb></usr/local/texlive/2018basic/texmf-dist/fonts/type1/urw/helvetic/uhv
r8a.pfb></usr/local/texlive/2018basic/texmf-dist/fonts/type1/urw/times/utmb8a.p
fb></usr/local/texlive/2018basic/texmf-dist/fonts/type1/urw/times/utmr8a.pfb></
usr/local/texlive/2018basic/texmf-dist/fonts/type1/urw/times/utmr8a.pfb></usr/l
ocal/texlive/2018basic/texmf-dist/fonts/type1/urw/times/utmri8a.pfb>
Output written on Rd2.pdf (28 pages, 147822 bytes).
Transcript written on Rd2.log.
This is makeindex, version 2.15 [TeX Live 2018] (kpathsea + Thai support).
Scanning input file ./Rd2.idx....done (33 entries accepted, 0 rejected).
Sorting entries....done (190 comparisons).
Generating output file ./Rd2.ind....done (47 lines written, 0 warnings).
Output written in ./Rd2.ind.
Transcript written in ./Rd2.ilg.
This is pdfTeX, Version 3.14159265-2.6-1.40.19 (TeX Live 2018) (preloaded format=pdflatex)
 restricted \write18 enabled.
entering extended mode

(/private/var/folders/d6/f2v86_714tg_hh4k1mlg9zcw0000gn/T/RtmpYkUMz4/Rd2pdf11bc
e1f7934fa/Rd2.tex
LaTeX2e <2018-04-01> patch level 2
Babel <3.18> and hyphenation patterns for 22 language(s) loaded.

(/usr/local/texlive/2018basic/texmf-dist/tex/latex/base/book.cls
Document Class: book 2018/09/03 v1.4i Standard LaTeX document class
(/usr/local/texlive/2018basic/texmf-dist/tex/latex/base/bk10.clo))
(/Library/Frameworks/R.framework/Resources/share/texmf/tex/latex/Rd.sty
(/usr/local/texlive/2018basic/texmf-dist/tex/latex/base/ifthen.sty)
(/usr/local/texlive/2018basic/texmf-dist/tex/latex/tools/longtable.sty)
(/usr/local/texlive/2018basic/texmf-dist/tex/latex/tools/bm.sty)
(/usr/local/texlive/2018basic/texmf-dist/tex/latex/base/alltt.sty)
(/usr/local/texlive/2018basic/texmf-dist/tex/latex/tools/verbatim.sty)
(/usr/local/texlive/2018basic/texmf-dist/tex/latex/url/url.sty)
(/usr/local/texlive/2018basic/texmf-dist/tex/latex/base/textcomp.sty
(/usr/local/texlive/2018basic/texmf-dist/tex/latex/base/ts1enc.def
(/usr/local/texlive/2018basic/texmf-dist/tex/latex/base/ts1enc.dfu)))
(/usr/local/texlive/2018basic/texmf-dist/tex/latex/base/fontenc.sty
(/usr/local/texlive/2018basic/texmf-dist/tex/latex/base/t1enc.def))
(/usr/local/texlive/2018basic/texmf-dist/tex/latex/psnfss/times.sty)
(/usr/local/texlive/2018basic/texmf-dist/tex/latex/inconsolata/zi4.sty
`inconsolata-zi4' v1.112, 2017/01/04 Text macros for Inconsolata (msharpe)
(/usr/local/texlive/2018basic/texmf-dist/tex/latex/xkeyval/xkeyval.sty
(/usr/local/texlive/2018basic/texmf-dist/tex/generic/xkeyval/xkeyval.tex
(/usr/local/texlive/2018basic/texmf-dist/tex/generic/xkeyval/xkvutils.tex
(/usr/local/texlive/2018basic/texmf-dist/tex/generic/xkeyval/keyval.tex)))))
(/usr/local/texlive/2018basic/texmf-dist/tex/latex/graphics/color.sty
(/usr/local/texlive/2018basic/texmf-dist/tex/latex/graphics-cfg/color.cfg)
(/usr/local/texlive/2018basic/texmf-dist/tex/latex/graphics-def/pdftex.def))
(/usr/local/texlive/2018basic/texmf-dist/tex/latex/hyperref/hyperref.sty
(/usr/local/texlive/2018basic/texmf-dist/tex/generic/oberdiek/hobsub-hyperref.s
ty
(/usr/local/texlive/2018basic/texmf-dist/tex/generic/oberdiek/hobsub-generic.st
y)) (/usr/local/texlive/2018basic/texmf-dist/tex/generic/ifxetex/ifxetex.sty)
(/usr/local/texlive/2018basic/texmf-dist/tex/latex/oberdiek/auxhook.sty)
(/usr/local/texlive/2018basic/texmf-dist/tex/latex/oberdiek/kvoptions.sty)
(/usr/local/texlive/2018basic/texmf-dist/tex/latex/hyperref/pd1enc.def)
(/usr/local/texlive/2018basic/texmf-dist/tex/latex/latexconfig/hyperref.cfg))
(/usr/local/texlive/2018basic/texmf-dist/tex/latex/hyperref/hpdftex.def
(/usr/local/texlive/2018basic/texmf-dist/tex/latex/oberdiek/rerunfilecheck.sty)
)

Package hyperref Warning: Option `hyperindex' has already been used,
(hyperref)                setting the option has no effect on input line 366.


Package hyperref Warning: Option `pagebackref' has already been used,
(hyperref)                setting the option has no effect on input line 366.

) (/usr/local/texlive/2018basic/texmf-dist/tex/latex/base/makeidx.sty)
(/usr/local/texlive/2018basic/texmf-dist/tex/latex/base/inputenc.sty
(/usr/local/texlive/2018basic/texmf-dist/tex/latex/base/latin1.def))
Writing index file Rd2.idx
(./Rd2.aux) (/usr/local/texlive/2018basic/texmf-dist/tex/latex/base/ts1cmr.fd)
(/usr/local/texlive/2018basic/texmf-dist/tex/latex/psnfss/t1ptm.fd)
(/usr/local/texlive/2018basic/texmf-dist/tex/context/base/mkii/supp-pdf.mkii
[Loading MPS to PDF converter (version 2006.09.02).]
) (/usr/local/texlive/2018basic/texmf-dist/tex/latex/hyperref/nameref.sty
(/usr/local/texlive/2018basic/texmf-dist/tex/generic/oberdiek/gettitlestring.st
y)) (./Rd2.out) (./Rd2.out)
(/usr/local/texlive/2018basic/texmf-dist/tex/latex/inconsolata/t1zi4.fd)
(/usr/local/texlive/2018basic/texmf-dist/tex/latex/psnfss/t1phv.fd) (./Rd2.toc
[1{/usr/local/texlive/2018basic/texmf-var/fonts/map/pdftex/updmap/pdftex.map}])
(/usr/local/texlive/2018basic/texmf-dist/tex/latex/base/utf8.def) [2] [3]
[4]
Overfull \hbox (3.55754pt too wide) in paragraph at lines 242--246
[]\T1/ptm/m/n/10 Whether to au-to-mat-i-cally trans-pose nu-meric geno-types, t
he de-fault is True, which
[5]
Overfull \hbox (5.10704pt too wide) in paragraph at lines 276--284
[]\T1/ptm/m/n/10 NULL Out-put files: geno-type.desc, geno-type.bin: geno-type f
ile in big-mem-ory for-mat phe-no-type.phe:
[6] [7] [8] [9] [10] [11] [12] [13] [14]
Overfull \hbox (21.74698pt too wide) in paragraph at lines 857--858
[]\T1/ptm/m/n/10 method for se-lect-ing the most ap-pro-pri-ate bins, two op-ti
ons: 'EMMA' or 'FaSTLMM' 

Overfull \hbox (1.97777pt too wide) in paragraph at lines 881--882
[]\T1/ptm/m/n/10 in sec-ond and later it-er-a-tions, only SNPs with lower p-val
ues than QTN.threshold
[15] [16] [17] [18] [19] [20] [21]
Overfull \hbox (30.75941pt too wide) in paragraph at lines 1294--1294
 []\T1/zi4/m/n/9 MVP.PCAplot(PCA=pca, Ncluster=3, class=NULL, col=c("red", "gre
en", "yellow"), file="jpg", pch=19)[] 
[22] [23] [24] [25] [26] (./Rd2.ind [27] [28]) (./Rd2.aux) )
(see the transcript file for additional information)pdfTeX warning (dest): name
{Rfn.par} has been referenced but does not exist, replaced by a fixed one

pdfTeX warning (dest): name{Rfn.points} has been referenced but does not exist,
 replaced by a fixed one

pdfTeX warning (dest): name{Rfn.dev.new\(\)} has been referenced but does not e
xist, replaced by a fixed one

{/usr/local/texlive/2018basic/texmf-dist/fonts/enc/dvips/base/8r.enc}{/usr/loca
l/texlive/2018basic/texmf-dist/fonts/enc/dvips/inconsolata/i4-t1-0.enc}</usr/lo
cal/texlive/2018basic/texmf-dist/fonts/type1/public/inconsolata/Inconsolata-zi4
r.pfb></usr/local/texlive/2018basic/texmf-dist/fonts/type1/public/amsfonts/cm/c
msy10.pfb></usr/local/texlive/2018basic/texmf-dist/fonts/type1/urw/helvetic/uhv
r8a.pfb></usr/local/texlive/2018basic/texmf-dist/fonts/type1/urw/times/utmb8a.p
fb></usr/local/texlive/2018basic/texmf-dist/fonts/type1/urw/times/utmr8a.pfb></
usr/local/texlive/2018basic/texmf-dist/fonts/type1/urw/times/utmr8a.pfb></usr/l
ocal/texlive/2018basic/texmf-dist/fonts/type1/urw/times/utmri8a.pfb>
Output written on Rd2.pdf (28 pages, 148714 bytes).
Transcript written on Rd2.log.
This is makeindex, version 2.15 [TeX Live 2018] (kpathsea + Thai support).
Scanning input file ./Rd2.idx....done (33 entries accepted, 0 rejected).
Sorting entries....done (190 comparisons).
Generating output file ./Rd2.ind....done (47 lines written, 0 warnings).
Output written in ./Rd2.ind.
Transcript written in ./Rd2.ilg.
This is pdfTeX, Version 3.14159265-2.6-1.40.19 (TeX Live 2018) (preloaded format=pdflatex)
 restricted \write18 enabled.
entering extended mode

(/private/var/folders/d6/f2v86_714tg_hh4k1mlg9zcw0000gn/T/RtmpYkUMz4/Rd2pdf11bc
e1f7934fa/Rd2.tex
LaTeX2e <2018-04-01> patch level 2
Babel <3.18> and hyphenation patterns for 22 language(s) loaded.

(/usr/local/texlive/2018basic/texmf-dist/tex/latex/base/book.cls
Document Class: book 2018/09/03 v1.4i Standard LaTeX document class
(/usr/local/texlive/2018basic/texmf-dist/tex/latex/base/bk10.clo))
(/Library/Frameworks/R.framework/Resources/share/texmf/tex/latex/Rd.sty
(/usr/local/texlive/2018basic/texmf-dist/tex/latex/base/ifthen.sty)
(/usr/local/texlive/2018basic/texmf-dist/tex/latex/tools/longtable.sty)
(/usr/local/texlive/2018basic/texmf-dist/tex/latex/tools/bm.sty)
(/usr/local/texlive/2018basic/texmf-dist/tex/latex/base/alltt.sty)
(/usr/local/texlive/2018basic/texmf-dist/tex/latex/tools/verbatim.sty)
(/usr/local/texlive/2018basic/texmf-dist/tex/latex/url/url.sty)
(/usr/local/texlive/2018basic/texmf-dist/tex/latex/base/textcomp.sty
(/usr/local/texlive/2018basic/texmf-dist/tex/latex/base/ts1enc.def
(/usr/local/texlive/2018basic/texmf-dist/tex/latex/base/ts1enc.dfu)))
(/usr/local/texlive/2018basic/texmf-dist/tex/latex/base/fontenc.sty
(/usr/local/texlive/2018basic/texmf-dist/tex/latex/base/t1enc.def))
(/usr/local/texlive/2018basic/texmf-dist/tex/latex/psnfss/times.sty)
(/usr/local/texlive/2018basic/texmf-dist/tex/latex/inconsolata/zi4.sty
`inconsolata-zi4' v1.112, 2017/01/04 Text macros for Inconsolata (msharpe)
(/usr/local/texlive/2018basic/texmf-dist/tex/latex/xkeyval/xkeyval.sty
(/usr/local/texlive/2018basic/texmf-dist/tex/generic/xkeyval/xkeyval.tex
(/usr/local/texlive/2018basic/texmf-dist/tex/generic/xkeyval/xkvutils.tex
(/usr/local/texlive/2018basic/texmf-dist/tex/generic/xkeyval/keyval.tex)))))
(/usr/local/texlive/2018basic/texmf-dist/tex/latex/graphics/color.sty
(/usr/local/texlive/2018basic/texmf-dist/tex/latex/graphics-cfg/color.cfg)
(/usr/local/texlive/2018basic/texmf-dist/tex/latex/graphics-def/pdftex.def))
(/usr/local/texlive/2018basic/texmf-dist/tex/latex/hyperref/hyperref.sty
(/usr/local/texlive/2018basic/texmf-dist/tex/generic/oberdiek/hobsub-hyperref.s
ty
(/usr/local/texlive/2018basic/texmf-dist/tex/generic/oberdiek/hobsub-generic.st
y)) (/usr/local/texlive/2018basic/texmf-dist/tex/generic/ifxetex/ifxetex.sty)
(/usr/local/texlive/2018basic/texmf-dist/tex/latex/oberdiek/auxhook.sty)
(/usr/local/texlive/2018basic/texmf-dist/tex/latex/oberdiek/kvoptions.sty)
(/usr/local/texlive/2018basic/texmf-dist/tex/latex/hyperref/pd1enc.def)
(/usr/local/texlive/2018basic/texmf-dist/tex/latex/latexconfig/hyperref.cfg))
(/usr/local/texlive/2018basic/texmf-dist/tex/latex/hyperref/hpdftex.def
(/usr/local/texlive/2018basic/texmf-dist/tex/latex/oberdiek/rerunfilecheck.sty)
)

Package hyperref Warning: Option `hyperindex' has already been used,
(hyperref)                setting the option has no effect on input line 366.


Package hyperref Warning: Option `pagebackref' has already been used,
(hyperref)                setting the option has no effect on input line 366.

) (/usr/local/texlive/2018basic/texmf-dist/tex/latex/base/makeidx.sty)
(/usr/local/texlive/2018basic/texmf-dist/tex/latex/base/inputenc.sty
(/usr/local/texlive/2018basic/texmf-dist/tex/latex/base/latin1.def))
Writing index file Rd2.idx
(./Rd2.aux) (/usr/local/texlive/2018basic/texmf-dist/tex/latex/base/ts1cmr.fd)
(/usr/local/texlive/2018basic/texmf-dist/tex/latex/psnfss/t1ptm.fd)
(/usr/local/texlive/2018basic/texmf-dist/tex/context/base/mkii/supp-pdf.mkii
[Loading MPS to PDF converter (version 2006.09.02).]
) (/usr/local/texlive/2018basic/texmf-dist/tex/latex/hyperref/nameref.sty
(/usr/local/texlive/2018basic/texmf-dist/tex/generic/oberdiek/gettitlestring.st
y)) (./Rd2.out) (./Rd2.out)
(/usr/local/texlive/2018basic/texmf-dist/tex/latex/inconsolata/t1zi4.fd)
(/usr/local/texlive/2018basic/texmf-dist/tex/latex/psnfss/t1phv.fd) (./Rd2.toc
[1{/usr/local/texlive/2018basic/texmf-var/fonts/map/pdftex/updmap/pdftex.map}])
(/usr/local/texlive/2018basic/texmf-dist/tex/latex/base/utf8.def) [2] [3]
[4]
Overfull \hbox (3.55754pt too wide) in paragraph at lines 242--246
[]\T1/ptm/m/n/10 Whether to au-to-mat-i-cally trans-pose nu-meric geno-types, t
he de-fault is True, which
[5]
Overfull \hbox (5.10704pt too wide) in paragraph at lines 276--284
[]\T1/ptm/m/n/10 NULL Out-put files: geno-type.desc, geno-type.bin: geno-type f
ile in big-mem-ory for-mat phe-no-type.phe:
[6] [7] [8] [9] [10] [11] [12] [13] [14]
Overfull \hbox (21.74698pt too wide) in paragraph at lines 857--858
[]\T1/ptm/m/n/10 method for se-lect-ing the most ap-pro-pri-ate bins, two op-ti
ons: 'EMMA' or 'FaSTLMM' 

Overfull \hbox (1.97777pt too wide) in paragraph at lines 881--882
[]\T1/ptm/m/n/10 in sec-ond and later it-er-a-tions, only SNPs with lower p-val
ues than QTN.threshold
[15] [16] [17] [18] [19] [20] [21]
Overfull \hbox (30.75941pt too wide) in paragraph at lines 1294--1294
 []\T1/zi4/m/n/9 MVP.PCAplot(PCA=pca, Ncluster=3, class=NULL, col=c("red", "gre
en", "yellow"), file="jpg", pch=19)[] 
[22] [23] [24] [25] [26] (./Rd2.ind [27] [28]) (./Rd2.aux) )
(see the transcript file for additional information)pdfTeX warning (dest): name
{Rfn.par} has been referenced but does not exist, replaced by a fixed one

pdfTeX warning (dest): name{Rfn.points} has been referenced but does not exist,
 replaced by a fixed one

pdfTeX warning (dest): name{Rfn.dev.new\(\)} has been referenced but does not e
xist, replaced by a fixed one

{/usr/local/texlive/2018basic/texmf-dist/fonts/enc/dvips/base/8r.enc}{/usr/loca
l/texlive/2018basic/texmf-dist/fonts/enc/dvips/inconsolata/i4-t1-0.enc}</usr/lo
cal/texlive/2018basic/texmf-dist/fonts/type1/public/inconsolata/Inconsolata-zi4
r.pfb></usr/local/texlive/2018basic/texmf-dist/fonts/type1/public/amsfonts/cm/c
msy10.pfb></usr/local/texlive/2018basic/texmf-dist/fonts/type1/urw/helvetic/uhv
r8a.pfb></usr/local/texlive/2018basic/texmf-dist/fonts/type1/urw/times/utmb8a.p
fb></usr/local/texlive/2018basic/texmf-dist/fonts/type1/urw/times/utmr8a.pfb></
usr/local/texlive/2018basic/texmf-dist/fonts/type1/urw/times/utmr8a.pfb></usr/l
ocal/texlive/2018basic/texmf-dist/fonts/type1/urw/times/utmri8a.pfb>
Output written on Rd2.pdf (28 pages, 148714 bytes).
Transcript written on Rd2.log.
Saving output to ‘rMVP-manual.pdf’ ...
Done
You may want to clean up by 'rm -Rf /var/folders/d6/f2v86_714tg_hh4k1mlg9zcw0000gn/T//RtmpYkUMz4/Rd2pdf11bce1f7934fa'
